<?xml version="1.0" encoding="UTF-8"?>
<!-- Generated by org.testng.reporters.JUnitReportReporter -->
<testsuite skipped="0" hostname="DESKTOP-I53I0DN" name="com.mindtree.runner.Atlantic_Page" tests="6" failures="0" timestamp="2021-11-08T22:38:19 IST" time="84.978" errors="0">
  <testcase name="homePageLanding" time="7.272" classname="com.mindtree.runner.Atlantic_Page"/>
  <system-out/>
  <testcase name="Landing_Page" time="15.377" classname="com.mindtree.runner.Atlantic_Page"/>
  <system-out/>
  <testcase name="Login_Page" time="39.027" classname="com.mindtree.runner.Atlantic_Page"/>
  <system-out/>
  <testcase name="SearchPageTesting" time="5.311" classname="com.mindtree.runner.Atlantic_Page"/>
  <system-out/>
  <testcase name="ProductPageTesting" time="4.676" classname="com.mindtree.runner.Atlantic_Page"/>
  <system-out/>
  <testcase name="CartPageTesting" time="13.315" classname="com.mindtree.runner.Atlantic_Page"/>
  <system-out/>
</testsuite> <!-- com.mindtree.runner.Atlantic_Page -->
