<?xml version="1.0" encoding="UTF-8"?>
<!-- Generated by org.testng.reporters.JUnitReportReporter -->
<testsuite hostname="LAPTOP-V6VACEO9" failures="0" tests="1" name="com.mindtree.pageobject.HomePage" time="36.792" errors="0" timestamp="2021-10-18T20:52:47 IST" skipped="0">
  <testcase classname="com.mindtree.pageobject.HomePage" name="basePageNavigation" time="36.792"/>
</testsuite> <!-- com.mindtree.pageobject.HomePage -->
