<?xml version="1.0" encoding="UTF-8"?>
<!-- Generated by org.testng.reporters.JUnitReportReporter -->
<testsuite skipped="0" hostname="DESKTOP-I53I0DN" name="com.mindtree.runner.Atlantic_Page" tests="6" failures="0" timestamp="2021-11-08T15:33:31 IST" time="98.770" errors="0">
  <testcase name="homePageLanding" time="10.534" classname="com.mindtree.runner.Atlantic_Page"/>
  <testcase name="Landing_Page" time="13.920" classname="com.mindtree.runner.Atlantic_Page"/>
  <testcase name="Login_Page" time="31.679" classname="com.mindtree.runner.Atlantic_Page"/>
  <testcase name="SearchPageTesting" time="13.108" classname="com.mindtree.runner.Atlantic_Page"/>
  <testcase name="ProductPageTesting" time="17.070" classname="com.mindtree.runner.Atlantic_Page"/>
  <testcase name="CartPageTesting" time="12.459" classname="com.mindtree.runner.Atlantic_Page"/>
</testsuite> <!-- com.mindtree.runner.Atlantic_Page -->
