<?xml version="1.0" encoding="UTF-8"?>
<!-- Generated by org.testng.reporters.JUnitReportReporter -->
<testsuite skipped="0" hostname="DESKTOP-I53I0DN" name="com.mindtree.runner.Atlantic_Page" tests="6" failures="0" timestamp="2021-11-08T20:25:57 IST" time="47.530" errors="0">
  <testcase name="homePageLanding" time="9.120" classname="com.mindtree.runner.Atlantic_Page"/>
  <testcase name="Landing_Page" time="5.311" classname="com.mindtree.runner.Atlantic_Page"/>
  <testcase name="Login_Page" time="12.665" classname="com.mindtree.runner.Atlantic_Page"/>
  <testcase name="SearchPageTesting" time="3.731" classname="com.mindtree.runner.Atlantic_Page"/>
  <testcase name="ProductPageTesting" time="5.150" classname="com.mindtree.runner.Atlantic_Page"/>
  <testcase name="CartPageTesting" time="11.553" classname="com.mindtree.runner.Atlantic_Page"/>
</testsuite> <!-- com.mindtree.runner.Atlantic_Page -->
